Build started 1/20/2017 14:12:38.
     1>Project "D:\School\2016-2017\Blok_2\Gameproject\Opdrachten\Project\Software\_Overig\_SQL\_SQL\_SQL.vcxproj" on node 2 (Build target(s)).
     1>ClCompile:
         C:\Program Files (x86)\Microsoft Visual Studio 14.0\VC\bin\x86_amd64\CL.exe /c /ZI /nologo /W3 /WX- /Od /D _DEBUG /D _CONSOLE /D _UNICODE /D UNICODE /Gm /EHsc /RTC1 /MDd /GS /fp:precise /Zc:wchar_t /Zc:forScope /Zc:inline /Fo"x64\Debug\\" /Fd"x64\Debug\vc140.pdb" /Gd /TP /errorReport:prompt main.cpp sql.cpp
         sql.cpp
     1>d:\school\2016-2017\blok_2\gameproject\opdrachten\project\software\_overig\_sql\_sql\sql.hpp(29): error C2440: 'return': cannot convert from 'unsigned char *' to 'char *'
         d:\school\2016-2017\blok_2\gameproject\opdrachten\project\software\_overig\_sql\_sql\sql.hpp(29): note: Types pointed to are unrelated; conversion requires reinterpret_cast, C-style cast or function-style cast
     1>d:\school\2016-2017\blok_2\gameproject\opdrachten\project\software\_overig\_sql\_sql\sql.cpp(25): warning C4311: 'type cast': pointer truncation from 'char *' to 'unsigned int'
     1>d:\school\2016-2017\blok_2\gameproject\opdrachten\project\software\_overig\_sql\_sql\sql.cpp(25): warning C4302: 'type cast': truncation from 'char *' to 'unsigned int'
     1>d:\school\2016-2017\blok_2\gameproject\opdrachten\project\software\_overig\_sql\_sql\sql.cpp(25): error C2664: 'void sql::set_returned(unsigned char *)': cannot convert argument 1 from 'unsigned int' to 'unsigned char *'
         d:\school\2016-2017\blok_2\gameproject\opdrachten\project\software\_overig\_sql\_sql\sql.cpp(25): note: Conversion from integral type to pointer type requires reinterpret_cast, C-style cast or function-style cast
         main.cpp
     1>d:\school\2016-2017\blok_2\gameproject\opdrachten\project\software\_overig\_sql\_sql\sql.hpp(29): error C2440: 'return': cannot convert from 'unsigned char *' to 'char *'
         d:\school\2016-2017\blok_2\gameproject\opdrachten\project\software\_overig\_sql\_sql\sql.hpp(29): note: Types pointed to are unrelated; conversion requires reinterpret_cast, C-style cast or function-style cast
         Generating Code...
     1>Done Building Project "D:\School\2016-2017\Blok_2\Gameproject\Opdrachten\Project\Software\_Overig\_SQL\_SQL\_SQL.vcxproj" (Build target(s)) -- FAILED.

Build FAILED.

Time Elapsed 00:00:00.67
